<?xml version="1.0" encoding="UTF-8"?>
<!-- Generated by org.testng.reporters.JUnitReportReporter -->
<testsuite hostname="DESKTOP-VJC9GV0" failures="0" tests="1" name="com.tendable_automation_test.TopLevelMenuTest" time="4.284" errors="0" timestamp="2024-11-25T23:31:59 IST" skipped="0">
  <testcase classname="com.tendable_automation_test.TopLevelMenuTest" name="verifyTopLevelMenus" time="4.284"/>
  <system-out/>
</testsuite> <!-- com.tendable_automation_test.TopLevelMenuTest -->
