<?xml version="1.0" encoding="UTF-8"?>
<!-- Generated by org.testng.reporters.JUnitReportReporter -->
<testsuite hostname="DESKTOP-VJC9GV0" failures="0" tests="1" name="com.tendable_automation_test.ContactUsFormTest" time="9.566" errors="0" timestamp="2024-11-26T10:04:56 IST" skipped="0">
  <testcase classname="com.tendable_automation_test.ContactUsFormTest" name="verifyContactUsFormValidation" time="9.566"/>
  <system-out/>
</testsuite> <!-- com.tendable_automation_test.ContactUsFormTest -->
